Arguments: 
  C:\nodejs\node.exe C:\Users\USUARIO\AppData\Roaming\npm\node_modules\yarn\bin\yarn.js

PATH: 
  C:\Users\USUARIO\bin;C:\Git\mingw64\bin;C:\Git\usr\local\bin;C:\Git\usr\bin;C:\Git\usr\bin;C:\Git\mingw64\bin;C:\Git\usr\bin;C:\Users\USUARIO\bin;C:\ProgramData\Oracle\Java\javapath;C:\Windows\system32;C:\Windows;C:\Windows\System32\Wbem;C:\Windows\System32\WindowsPowerShell\v1.0;C:\Users\USUARIO\.dnx\bin;C:\Program Files\Microsoft DNX\Dnvm;C:\Program Files (x86)\Windows Kits\8.1\Windows Performance Toolkit;C:\Program Files\Microsoft SQL Server\130\Tools\Binn;C:\Program Files (x86)\Microsoft Emulator Manager\1.0;C:\Program Files (x86)\nodejs;C:\Program Files\Microsoft\Web Platform Installer;C:\Program Files\Microsoft SQL Server\120\Tools\Binn;C:\Program Files\Microsoft SQL Server\Client SDK\ODBC\110\Tools\Binn;C:\Program Files (x86)\Microsoft SQL Server\120\Tools\Binn;C:\Program Files\Microsoft SQL Server\120\DTS\Binn;C:\Program Files (x86)\Microsoft SQL Server\120\Tools\Binn\ManagementStudio;C:\Program Files (x86)\Microsoft SQL Server\120\DTS\Binn;C:\Program Files\Microsoft SQL Server\110\DTS\Binn;C:\Program Files (x86)\Microsoft SQL Server\110\Tools\Binn\ManagementStudio;C:\Program Files (x86)\Microsoft SQL Server\110\Tools\Binn;C:\Program Files\Microsoft SQL Server\110\Tools\Binn;C:\Program Files (x86)\Microsoft SQL Server\110\DTS\Binn;C:\Program Files\MongoDB\Server\3.2\bin;C:\Program Files\Amazon\AWSCLI;C:\python27;C:\Program Files (x86)\MSBuild\Microsoft.Cpp\v4.0\V140;C:\Ruby23-x64\bin;C:\xampp\php;C:\Users\omar__000\AppData\Local\ComposerSetup\bin;C:\HashiCorp\Vagrant\bin;C:\Users\omar__000\AppData\Local\Android\sdk\platform-tools;C:\Users\omar__000\AppData\Local\Android\sdk\tools;C:\usr\local;C:\nodejs;C:\Users\TEMP.LENOVO\AppData\Roaming\npm;C:\Program Files (x86)\Skype\Phone;C:\Users\USUARIO\AppData\Roaming\npm;C:\Program Files (x86)\Microsoft VS Code\bin;C:\Program Files\Docker Toolbox;C:\Git\usr\bin\vendor_perl;C:\Git\usr\bin\core_perl

Yarn version: 
  0.24.4

Node version: 
  7.7.4

Platform: 
  win32 x64

npm manifest: 
  {
    "name": "@coreui/angular",
    "version": "1.0.6",
    "description": "Open Source Bootstrap Admin Template",
    "author": "Łukasz Holeczek",
    "homepage": "http://coreui.io",
    "copyright": "Copyright 2017 creativeLabs Łukasz Holeczek",
    "license": "MIT",
    "scripts": {
      "ng": "ng",
      "start": "ng serve",
      "build": "ng build",
      "test": "ng test",
      "lint": "ng lint",
      "e2e": "ng e2e"
    },
    "private": true,
    "dependencies": {
      "@angular/common": "5.0.1",
      "@angular/compiler": "5.0.1",
      "@angular/core": "5.0.1",
      "@angular/forms": "5.0.1",
      "@angular/http": "5.0.1",
      "@angular/platform-browser": "5.0.1",
      "@angular/platform-browser-dynamic": "5.0.1",
      "@angular/router": "5.0.1",
      "@angular/upgrade": "5.0.1",
      "bootstrap": "4.0.0-beta.2",
      "chart.js": "2.7.1",
      "core-js": "2.5.1",
      "font-awesome": "^4.7.0",
      "moment": "2.19.1",
      "ng2-charts": "1.6.0",
      "ngx-bootstrap": "1.9.3",
      "rxjs": "5.5.2",
      "simple-line-icons": "^2.4.1",
      "ts-helpers": "1.1.2",
      "zone.js": "0.8.18"
    },
    "devDependencies": {
      "@angular/cli": "1.5.0",
      "@angular/compiler-cli": "5.0.1",
      "@types/jasmine": "2.6.3",
      "@types/node": "8.0.50",
      "codelyzer": "4.0.1",
      "jasmine-core": "2.8.0",
      "jasmine-spec-reporter": "4.2.1",
      "karma": "1.7.1",
      "karma-chrome-launcher": "2.2.0",
      "karma-cli": "1.0.1",
      "karma-jasmine": "1.1.0",
      "karma-jasmine-html-reporter": "0.2.2",
      "karma-coverage-istanbul-reporter": "1.3.0",
      "protractor": "5.2.0",
      "ts-node": "3.3.0",
      "tslint": "5.8.0",
      "typescript": "2.6.1"
    },
    "engines": {
      "node": ">= 6.9.0",
      "npm": ">= 3.0.0"
    }
  }

yarn manifest: 
  No manifest

Lockfile: 
  No lockfile

Trace: 
  Error: https://registry.yarnpkg.com/@angular/common/-/common-5.0.1.tgz: ESOCKETTIMEDOUT
      at ClientRequest.<anonymous> (C:\Users\USUARIO\AppData\Roaming\npm\node_modules\yarn\node_modules\request\request.js:819:19)
      at Object.onceWrapper (events.js:293:19)
      at emitNone (events.js:86:13)
      at ClientRequest.emit (events.js:188:7)
      at TLSSocket.emitTimeout (_http_client.js:679:10)
      at Object.onceWrapper (events.js:293:19)
      at emitNone (events.js:86:13)
      at TLSSocket.emit (events.js:188:7)
      at TLSSocket.Socket._onTimeout (net.js:354:8)
      at ontimeout (timers.js:380:14)
